{"level":"info","message":"Server is running on http://localhost:3000","timestamp":"2024-05-04T00:38:15.680Z"}
{"level":"info","message":"Request received","method":"GET","timestamp":"2024-05-04T00:38:17.329Z","url":"/"}
{"level":"info","message":"GET / 304 - - 14.906 ms","timestamp":"2024-05-04T00:38:17.342Z"}
{"level":"info","message":"GET /public/style/styles.css 304 - - 2.308 ms","timestamp":"2024-05-04T00:38:17.351Z"}
{"level":"info","message":"GET /public/Icon.png 304 - - 0.273 ms","timestamp":"2024-05-04T00:38:17.353Z"}
{"level":"info","message":"GET /public/js/login_ajax.js 200 3011 - 1.188 ms","timestamp":"2024-05-04T00:38:17.355Z"}
{"level":"info","message":"Request received","method":"GET","timestamp":"2024-05-04T00:38:24.530Z","url":"/"}
{"level":"info","message":"GET / 304 - - 11.726 ms","timestamp":"2024-05-04T00:38:24.542Z"}
{"level":"info","message":"GET /public/style/styles.css 304 - - 1.225 ms","timestamp":"2024-05-04T00:38:24.553Z"}
{"level":"info","message":"GET /public/Icon.png 304 - - 3.682 ms","timestamp":"2024-05-04T00:38:24.556Z"}
{"level":"info","message":"GET /public/js/login_ajax.js 304 - - 0.465 ms","timestamp":"2024-05-04T00:38:24.558Z"}
{"level":"info","message":"Request received","method":"POST","timestamp":"2024-05-04T00:38:30.718Z","url":"/login"}
{"level":"info","message":"POST /login 404 2276 - 17.548 ms","timestamp":"2024-05-04T00:38:30.723Z"}
{"level":"info","message":"GET /public/style/styles.css 304 - - 1.615 ms","timestamp":"2024-05-04T00:38:30.734Z"}
{"level":"info","message":"GET /public/Icon.png 304 - - 2.033 ms","timestamp":"2024-05-04T00:38:30.735Z"}
{"level":"info","message":"GET /public/error-icon.png 304 - - 0.865 ms","timestamp":"2024-05-04T00:38:30.737Z"}
{"level":"info","message":"Server is running on http://localhost:3000","timestamp":"2024-05-04T00:42:22.091Z"}
{"level":"info","message":"Request received","method":"GET","timestamp":"2024-05-04T00:42:27.634Z","url":"/"}
{"level":"info","message":"GET / 304 - - 34.927 ms","timestamp":"2024-05-04T00:42:27.668Z"}
{"level":"info","message":"GET /public/style/styles.css 304 - - 4.408 ms","timestamp":"2024-05-04T00:42:27.679Z"}
{"level":"info","message":"GET /public/Icon.png 304 - - 5.235 ms","timestamp":"2024-05-04T00:42:27.682Z"}
{"level":"info","message":"GET /public/js/login_ajax.js 304 - - 0.285 ms","timestamp":"2024-05-04T00:42:27.684Z"}
{"level":"info","message":"Request received","method":"POST","timestamp":"2024-05-04T00:42:32.307Z","url":"/login"}
{"level":"info","message":"POST /login 404 2276 - 22.088 ms","timestamp":"2024-05-04T00:42:32.316Z"}
{"level":"info","message":"GET /public/Icon.png 304 - - 2.990 ms","timestamp":"2024-05-04T00:42:32.328Z"}
{"level":"info","message":"GET /public/style/styles.css 304 - - 4.920 ms","timestamp":"2024-05-04T00:42:32.330Z"}
{"level":"info","message":"GET /public/error-icon.png 304 - - 5.125 ms","timestamp":"2024-05-04T00:42:32.331Z"}
{"level":"info","message":"Request received","method":"GET","timestamp":"2024-05-04T00:47:13.294Z","url":"/login"}
{"level":"info","message":"GET /login 304 - - 12.201 ms","timestamp":"2024-05-04T00:47:13.305Z"}
{"level":"info","message":"GET /public/style/styles.css 304 - - 0.901 ms","timestamp":"2024-05-04T00:47:13.314Z"}
{"level":"info","message":"GET /public/Icon.png 304 - - 1.515 ms","timestamp":"2024-05-04T00:47:13.315Z"}
{"level":"info","message":"GET /public/js/login_ajax.js 304 - - 0.394 ms","timestamp":"2024-05-04T00:47:13.316Z"}
{"level":"info","message":"Server is running on http://localhost:3000","timestamp":"2024-05-04T00:47:49.945Z"}
{"level":"info","message":"Request received","method":"GET","timestamp":"2024-05-04T00:47:56.438Z","url":"/"}
{"level":"info","message":"GET / 304 - - 28.437 ms","timestamp":"2024-05-04T00:47:56.465Z"}
{"level":"info","message":"GET /public/style/styles.css 304 - - 2.547 ms","timestamp":"2024-05-04T00:47:56.475Z"}
{"level":"info","message":"GET /public/Icon.png 304 - - 5.214 ms","timestamp":"2024-05-04T00:47:56.479Z"}
{"level":"info","message":"GET /public/js/login_ajax.js 304 - - 0.317 ms","timestamp":"2024-05-04T00:47:56.480Z"}
{"level":"info","message":"Request received","method":"POST","timestamp":"2024-05-04T00:48:00.522Z","url":"/login"}
{"level":"info","message":"POST /login 404 2276 - 21.525 ms","timestamp":"2024-05-04T00:48:00.531Z"}
{"level":"info","message":"GET /public/style/styles.css 304 - - 1.283 ms","timestamp":"2024-05-04T00:48:00.541Z"}
{"level":"info","message":"GET /public/Icon.png 304 - - 1.933 ms","timestamp":"2024-05-04T00:48:00.543Z"}
{"level":"info","message":"GET /public/error-icon.png 304 - - 2.401 ms","timestamp":"2024-05-04T00:48:00.543Z"}
{"level":"info","message":"Request received","method":"POST","timestamp":"2024-05-04T00:48:07.026Z","url":"/login"}
{"level":"info","message":"POST /login 404 2276 - 6.895 ms","timestamp":"2024-05-04T00:48:07.033Z"}
{"level":"info","message":"GET /public/style/styles.css 304 - - 1.081 ms","timestamp":"2024-05-04T00:48:07.040Z"}
{"level":"info","message":"GET /public/Icon.png 304 - - 1.600 ms","timestamp":"2024-05-04T00:48:07.041Z"}
{"level":"info","message":"GET /public/error-icon.png 304 - - 1.655 ms","timestamp":"2024-05-04T00:48:07.044Z"}
{"level":"info","message":"GET /public/Icon.png 304 - - 0.490 ms","timestamp":"2024-05-04T00:48:07.047Z"}
{"level":"info","message":"Request received","method":"GET","timestamp":"2024-05-04T00:48:10.964Z","url":"/"}
{"level":"info","message":"GET / 200 2809 - 3.165 ms","timestamp":"2024-05-04T00:48:10.967Z"}
{"level":"info","message":"GET /public/style/styles.css 304 - - 0.257 ms","timestamp":"2024-05-04T00:48:10.972Z"}
{"level":"info","message":"GET /public/js/login_ajax.js 304 - - 0.298 ms","timestamp":"2024-05-04T00:48:10.973Z"}
{"level":"info","message":"GET /public/Icon.png 304 - - 0.352 ms","timestamp":"2024-05-04T00:48:10.973Z"}
{"level":"info","message":"Request received","method":"POST","timestamp":"2024-05-04T00:48:22.412Z","url":"/login"}
{"level":"info","message":"POST /login 404 2276 - 8.025 ms","timestamp":"2024-05-04T00:48:22.419Z"}
{"level":"info","message":"GET /public/style/styles.css 304 - - 0.534 ms","timestamp":"2024-05-04T00:48:22.426Z"}
{"level":"info","message":"GET /public/Icon.png 304 - - 0.545 ms","timestamp":"2024-05-04T00:48:22.429Z"}
{"level":"info","message":"GET /public/error-icon.png 304 - - 0.878 ms","timestamp":"2024-05-04T00:48:22.432Z"}
{"level":"info","message":"Server is running on http://localhost:3000","timestamp":"2024-05-04T00:50:31.509Z"}
{"level":"info","message":"Request received","method":"GET","timestamp":"2024-05-04T00:50:32.205Z","url":"/"}
{"level":"info","message":"GET / 304 - - 20.637 ms","timestamp":"2024-05-04T00:50:32.223Z"}
{"level":"info","message":"GET /public/Icon.png 304 - - 2.178 ms","timestamp":"2024-05-04T00:50:32.227Z"}
{"level":"info","message":"GET /public/style/styles.css 304 - - 2.005 ms","timestamp":"2024-05-04T00:50:32.230Z"}
{"level":"info","message":"GET /public/js/login_ajax.js 200 1992 - 6.261 ms","timestamp":"2024-05-04T00:50:32.233Z"}
{"level":"info","message":"Request received","method":"GET","timestamp":"2024-05-04T00:50:41.573Z","url":"/"}
{"level":"info","message":"GET / 304 - - 11.805 ms","timestamp":"2024-05-04T00:50:41.585Z"}
{"level":"info","message":"GET /public/Icon.png 304 - - 4.361 ms","timestamp":"2024-05-04T00:50:41.600Z"}
{"level":"info","message":"GET /public/style/styles.css 304 - - 2.112 ms","timestamp":"2024-05-04T00:50:41.601Z"}
{"level":"info","message":"GET /public/js/login_ajax.js 200 1992 - 0.899 ms","timestamp":"2024-05-04T00:50:41.603Z"}
{"level":"info","message":"Request received","method":"POST","timestamp":"2024-05-04T00:50:45.822Z","url":"/apiForLogin"}
{"level":"info","message":"POST /apiForLogin 302 28 - 19.208 ms","timestamp":"2024-05-04T00:50:45.825Z"}
{"level":"info","message":"Request received","method":"GET","timestamp":"2024-05-04T00:50:45.827Z","url":"/login"}
{"level":"info","message":"GET /login 304 - - 5.702 ms","timestamp":"2024-05-04T00:50:45.833Z"}
{"level":"info","message":"Server is running on http://localhost:3000","timestamp":"2024-05-04T00:51:17.392Z"}
{"level":"info","message":"Request received","method":"POST","timestamp":"2024-05-04T00:51:19.094Z","url":"/apiForLogin"}
{"level":"info","message":"POST /apiForLogin 302 28 - 18.292 ms","timestamp":"2024-05-04T00:51:19.098Z"}
{"level":"info","message":"Request received","method":"GET","timestamp":"2024-05-04T00:51:19.101Z","url":"/login"}
{"level":"info","message":"GET /login 304 - - 16.514 ms","timestamp":"2024-05-04T00:51:19.117Z"}
{"level":"info","message":"Server is running on http://localhost:3000","timestamp":"2024-05-04T00:51:53.431Z"}
{"level":"info","message":"Request received","method":"POST","timestamp":"2024-05-04T00:51:56.246Z","url":"/apiForLogin"}
{"level":"info","message":"POST /apiForLogin 302 28 - 20.688 ms","timestamp":"2024-05-04T00:51:56.250Z"}
{"level":"info","message":"Request received","method":"GET","timestamp":"2024-05-04T00:51:56.253Z","url":"/login"}
{"level":"info","message":"GET /login 304 - - 16.500 ms","timestamp":"2024-05-04T00:51:56.269Z"}
{"level":"info","message":"Server is running on http://localhost:3000","timestamp":"2024-05-04T00:52:34.253Z"}
{"level":"info","message":"Request received","method":"POST","timestamp":"2024-05-04T00:52:36.353Z","url":"/apiForLogin"}
{"level":"info","message":"POST /apiForLogin 302 28 - 19.851 ms","timestamp":"2024-05-04T00:52:36.358Z"}
{"level":"info","message":"Request received","method":"GET","timestamp":"2024-05-04T00:52:36.360Z","url":"/login"}
{"level":"info","message":"GET /login 304 - - 17.361 ms","timestamp":"2024-05-04T00:52:36.377Z"}
{"level":"info","message":"Server is running on http://localhost:3000","timestamp":"2024-05-04T00:53:21.610Z"}
{"level":"info","message":"Request received","method":"POST","timestamp":"2024-05-04T00:53:23.491Z","url":"/apiForLogin"}
{"level":"info","message":"POST /apiForLogin 302 28 - 11.048 ms","timestamp":"2024-05-04T00:53:23.494Z"}
{"level":"info","message":"Request received","method":"GET","timestamp":"2024-05-04T00:53:23.496Z","url":"/login"}
{"level":"info","message":"GET /login 304 - - 13.265 ms","timestamp":"2024-05-04T00:53:23.509Z"}
{"level":"info","message":"Request received","method":"POST","timestamp":"2024-05-04T00:53:26.560Z","url":"/apiForLogin"}
{"level":"info","message":"POST /apiForLogin 302 28 - 3.516 ms","timestamp":"2024-05-04T00:53:26.562Z"}
{"level":"info","message":"Request received","method":"GET","timestamp":"2024-05-04T00:53:26.563Z","url":"/login"}
{"level":"info","message":"GET /login 304 - - 10.120 ms","timestamp":"2024-05-04T00:53:26.574Z"}
{"level":"info","message":"Server is running on http://localhost:3000","timestamp":"2024-05-04T00:53:31.507Z"}
{"level":"info","message":"Request received","method":"POST","timestamp":"2024-05-04T00:53:36.124Z","url":"/apiForLogin"}
{"level":"info","message":"POST /apiForLogin 302 28 - 17.803 ms","timestamp":"2024-05-04T00:53:36.129Z"}
{"level":"info","message":"Request received","method":"GET","timestamp":"2024-05-04T00:53:36.131Z","url":"/login"}
{"level":"info","message":"GET /login 304 - - 17.128 ms","timestamp":"2024-05-04T00:53:36.148Z"}
{"level":"info","message":"GET /public/style/styles.css 304 - - 1.605 ms","timestamp":"2024-05-04T00:55:32.021Z"}
{"level":"info","message":"Request received","method":"POST","timestamp":"2024-05-04T00:55:34.806Z","url":"/apiForLogin"}
{"level":"info","message":"POST /apiForLogin 302 28 - 3.623 ms","timestamp":"2024-05-04T00:55:34.811Z"}
{"level":"info","message":"Request received","method":"GET","timestamp":"2024-05-04T00:55:34.813Z","url":"/login"}
{"level":"info","message":"GET /login 304 - - 14.887 ms","timestamp":"2024-05-04T00:55:34.828Z"}
{"level":"info","message":"Server is running on http://localhost:3000","timestamp":"2024-05-04T00:59:42.142Z"}
{"level":"info","message":"Request received","method":"POST","timestamp":"2024-05-04T00:59:45.263Z","url":"/apiForLogin"}
{"level":"info","message":"POST /apiForLogin 302 28 - 17.407 ms","timestamp":"2024-05-04T00:59:45.269Z"}
{"level":"info","message":"Request received","method":"GET","timestamp":"2024-05-04T00:59:45.270Z","url":"/login"}
{"level":"info","message":"GET /login 304 - - 18.666 ms","timestamp":"2024-05-04T00:59:45.289Z"}
{"level":"info","message":"Server is running on http://localhost:3000","timestamp":"2024-05-04T01:00:40.450Z"}
{"level":"info","message":"Request received","method":"POST","timestamp":"2024-05-04T01:00:43.084Z","url":"/apiForLogin"}
{"level":"info","message":"POST /apiForLogin 302 28 - 18.627 ms","timestamp":"2024-05-04T01:00:43.090Z"}
{"level":"info","message":"Request received","method":"GET","timestamp":"2024-05-04T01:00:43.091Z","url":"/login"}
{"level":"info","message":"GET /login 304 - - 16.729 ms","timestamp":"2024-05-04T01:00:43.108Z"}
{"level":"info","message":"Server is running on http://localhost:3000","timestamp":"2024-05-04T01:02:43.608Z"}
{"level":"info","message":"Request received","method":"GET","timestamp":"2024-05-04T01:02:48.009Z","url":"/"}
{"level":"info","message":"GET / 404 2276 - 34.282 ms","timestamp":"2024-05-04T01:02:48.042Z"}
{"level":"info","message":"GET /public/style/styles.css 304 - - 1.877 ms","timestamp":"2024-05-04T01:02:48.050Z"}
{"level":"info","message":"GET /public/Icon.png 304 - - 1.963 ms","timestamp":"2024-05-04T01:02:48.051Z"}
{"level":"info","message":"GET /public/error-icon.png 304 - - 0.177 ms","timestamp":"2024-05-04T01:02:48.052Z"}
{"level":"info","message":"GET /public/Icon.png 304 - - 0.308 ms","timestamp":"2024-05-04T01:02:48.058Z"}
{"level":"info","message":"Request received","method":"GET","timestamp":"2024-05-04T01:02:50.799Z","url":"/"}
{"level":"info","message":"GET / 404 2276 - 10.742 ms","timestamp":"2024-05-04T01:02:50.809Z"}
{"level":"info","message":"GET /public/style/styles.css 304 - - 2.241 ms","timestamp":"2024-05-04T01:02:50.817Z"}
{"level":"info","message":"GET /public/error-icon.png 304 - - 2.453 ms","timestamp":"2024-05-04T01:02:50.817Z"}
{"level":"info","message":"GET /public/Icon.png 304 - - 2.213 ms","timestamp":"2024-05-04T01:02:50.818Z"}
{"level":"info","message":"GET /public/Icon.png 304 - - 0.244 ms","timestamp":"2024-05-04T01:02:50.821Z"}
{"level":"info","message":"Server is running on http://localhost:3000","timestamp":"2024-05-04T01:05:13.790Z"}
{"level":"info","message":"Request received","method":"GET","timestamp":"2024-05-04T01:05:16.288Z","url":"/"}
{"level":"info","message":"GET / 302 56 - 13.750 ms","timestamp":"2024-05-04T01:05:16.300Z"}
{"level":"info","message":"Request received","method":"GET","timestamp":"2024-05-04T01:05:16.302Z","url":"/login"}
{"level":"info","message":"GET /login 304 - - 31.278 ms","timestamp":"2024-05-04T01:05:16.333Z"}
{"level":"info","message":"GET /public/style/styles.css 304 - - 3.754 ms","timestamp":"2024-05-04T01:05:16.344Z"}
{"level":"info","message":"GET /public/Icon.png 304 - - 2.479 ms","timestamp":"2024-05-04T01:05:16.346Z"}
{"level":"info","message":"GET /public/js/login_ajax.js 200 2646 - 1.781 ms","timestamp":"2024-05-04T01:05:16.350Z"}
{"level":"info","message":"GET /public/Icon.png 304 - - 1.283 ms","timestamp":"2024-05-04T01:05:16.373Z"}
{"level":"info","message":"Request received","method":"POST","timestamp":"2024-05-04T01:05:21.865Z","url":"/apiForLogin"}
{"level":"info","message":"POST /apiForLogin 302 28 - 16.265 ms","timestamp":"2024-05-04T01:05:21.868Z"}
{"level":"info","message":"Request received","method":"GET","timestamp":"2024-05-04T01:05:21.869Z","url":"/login"}
{"level":"info","message":"GET /login 304 - - 7.634 ms","timestamp":"2024-05-04T01:05:21.877Z"}
{"level":"info","message":"Request received","method":"POST","timestamp":"2024-05-04T01:05:21.881Z","url":"/apiForLogin"}
{"level":"info","message":"POST /apiForLogin 302 28 - 1.257 ms","timestamp":"2024-05-04T01:05:21.882Z"}
{"level":"info","message":"Request received","method":"GET","timestamp":"2024-05-04T01:05:21.883Z","url":"/login"}
{"level":"info","message":"GET /login 304 - - 3.455 ms","timestamp":"2024-05-04T01:05:21.886Z"}
{"level":"info","message":"Request received","method":"POST","timestamp":"2024-05-04T01:05:26.327Z","url":"/apiForLogin"}
{"level":"info","message":"POST /apiForLogin 302 28 - 3.137 ms","timestamp":"2024-05-04T01:05:26.330Z"}
{"level":"info","message":"Request received","method":"GET","timestamp":"2024-05-04T01:05:26.333Z","url":"/login"}
{"level":"info","message":"GET /login 304 - - 8.032 ms","timestamp":"2024-05-04T01:05:26.341Z"}
{"level":"info","message":"Request received","method":"POST","timestamp":"2024-05-04T01:05:26.346Z","url":"/apiForLogin"}
{"level":"info","message":"POST /apiForLogin 302 28 - 3.472 ms","timestamp":"2024-05-04T01:05:26.349Z"}
{"level":"info","message":"Request received","method":"GET","timestamp":"2024-05-04T01:05:26.350Z","url":"/login"}
{"level":"info","message":"GET /login 304 - - 3.858 ms","timestamp":"2024-05-04T01:05:26.355Z"}
{"level":"info","message":"Server is running on http://localhost:3000","timestamp":"2024-05-04T01:07:15.272Z"}
{"level":"info","message":"Request received","method":"POST","timestamp":"2024-05-04T01:07:19.717Z","url":"/apiForLogin"}
{"level":"info","message":"POST /apiForLogin 302 28 - 28.677 ms","timestamp":"2024-05-04T01:07:19.727Z"}
{"level":"info","message":"Request received","method":"GET","timestamp":"2024-05-04T01:07:19.728Z","url":"/login"}
{"level":"info","message":"GET /login 304 - - 22.842 ms","timestamp":"2024-05-04T01:07:19.752Z"}
{"level":"info","message":"Request received","method":"POST","timestamp":"2024-05-04T01:07:19.755Z","url":"/apiForLogin"}
{"level":"info","message":"POST /apiForLogin 302 28 - 2.301 ms","timestamp":"2024-05-04T01:07:19.757Z"}
{"level":"info","message":"Request received","method":"GET","timestamp":"2024-05-04T01:07:19.758Z","url":"/login"}
{"level":"info","message":"GET /login 304 - - 6.308 ms","timestamp":"2024-05-04T01:07:19.764Z"}
{"level":"info","message":"Server is running on http://localhost:3000","timestamp":"2024-05-04T01:07:35.191Z"}
{"level":"info","message":"Request received","method":"POST","timestamp":"2024-05-04T01:07:41.090Z","url":"/apiForLogin"}
{"level":"info","message":"POST /apiForLogin 302 28 - 22.133 ms","timestamp":"2024-05-04T01:07:41.097Z"}
{"level":"info","message":"Request received","method":"GET","timestamp":"2024-05-04T01:07:41.099Z","url":"/login"}
{"level":"info","message":"GET /login 304 - - 23.396 ms","timestamp":"2024-05-04T01:07:41.124Z"}
{"level":"info","message":"Request received","method":"POST","timestamp":"2024-05-04T01:07:41.127Z","url":"/apiForLogin"}
{"level":"info","message":"POST /apiForLogin 302 28 - 1.575 ms","timestamp":"2024-05-04T01:07:41.128Z"}
{"level":"info","message":"Request received","method":"GET","timestamp":"2024-05-04T01:07:41.129Z","url":"/login"}
{"level":"info","message":"GET /login 304 - - 4.309 ms","timestamp":"2024-05-04T01:07:41.133Z"}
{"level":"info","message":"Server is running on http://localhost:3000","timestamp":"2024-05-04T01:08:50.781Z"}
{"level":"info","message":"Server is running on http://localhost:3000","timestamp":"2024-05-04T01:08:53.425Z"}
{"level":"info","message":"Request received","method":"GET","timestamp":"2024-05-04T01:08:55.081Z","url":"/"}
{"level":"info","message":"GET / 302 56 - 6.337 ms","timestamp":"2024-05-04T01:08:55.087Z"}
{"level":"info","message":"Request received","method":"GET","timestamp":"2024-05-04T01:08:55.111Z","url":"/login"}
{"level":"info","message":"GET /login 200 2809 - 14.882 ms","timestamp":"2024-05-04T01:08:55.125Z"}
{"level":"info","message":"GET /public/style/styles.css 304 - - 2.033 ms","timestamp":"2024-05-04T01:08:55.131Z"}
{"level":"info","message":"GET /public/Icon.png 304 - - 0.418 ms","timestamp":"2024-05-04T01:08:55.132Z"}
{"level":"info","message":"GET /public/js/login_ajax.js 200 2646 - 1.638 ms","timestamp":"2024-05-04T01:08:55.134Z"}
{"level":"info","message":"Request received","method":"POST","timestamp":"2024-05-04T01:08:57.088Z","url":"/apiForLogin"}
{"level":"info","message":"POST /apiForLogin 302 28 - 15.864 ms","timestamp":"2024-05-04T01:08:57.094Z"}
{"level":"info","message":"Request received","method":"GET","timestamp":"2024-05-04T01:08:57.095Z","url":"/login"}
{"level":"info","message":"GET /login 304 - - 8.530 ms","timestamp":"2024-05-04T01:08:57.104Z"}
{"level":"info","message":"Request received","method":"POST","timestamp":"2024-05-04T01:08:57.111Z","url":"/apiForLogin"}
{"level":"info","message":"POST /apiForLogin 302 28 - 2.987 ms","timestamp":"2024-05-04T01:08:57.112Z"}
{"level":"info","message":"Request received","method":"GET","timestamp":"2024-05-04T01:08:57.114Z","url":"/login"}
{"level":"info","message":"GET /login 304 - - 5.540 ms","timestamp":"2024-05-04T01:08:57.120Z"}
{"level":"info","message":"Request received","method":"GET","timestamp":"2024-05-04T01:09:01.175Z","url":"/login"}
{"level":"info","message":"GET /login 304 - - 6.622 ms","timestamp":"2024-05-04T01:09:01.182Z"}
{"level":"info","message":"GET /public/style/styles.css 304 - - 12.996 ms","timestamp":"2024-05-04T01:09:01.205Z"}
{"level":"info","message":"GET /public/Icon.png 304 - - 2.434 ms","timestamp":"2024-05-04T01:09:01.206Z"}
{"level":"info","message":"GET /public/js/login_ajax.js 304 - - 0.385 ms","timestamp":"2024-05-04T01:09:01.208Z"}
{"level":"info","message":"GET /public/Icon.png 304 - - 0.683 ms","timestamp":"2024-05-04T01:09:01.228Z"}
{"level":"info","message":"Request received","method":"POST","timestamp":"2024-05-04T01:09:09.589Z","url":"/apiForLogin"}
{"level":"info","message":"POST /apiForLogin 302 28 - 3.262 ms","timestamp":"2024-05-04T01:09:09.590Z"}
{"level":"info","message":"Request received","method":"GET","timestamp":"2024-05-04T01:09:09.593Z","url":"/login"}
{"level":"info","message":"GET /login 304 - - 8.807 ms","timestamp":"2024-05-04T01:09:09.601Z"}
{"level":"info","message":"Request received","method":"POST","timestamp":"2024-05-04T01:09:09.605Z","url":"/apiForLogin"}
{"level":"info","message":"POST /apiForLogin 302 28 - 1.436 ms","timestamp":"2024-05-04T01:09:09.606Z"}
{"level":"info","message":"Request received","method":"GET","timestamp":"2024-05-04T01:09:09.607Z","url":"/login"}
{"level":"info","message":"GET /login 304 - - 3.742 ms","timestamp":"2024-05-04T01:09:09.611Z"}
{"level":"info","message":"Server is running on http://localhost:3000","timestamp":"2024-05-04T01:10:58.012Z"}
{"level":"info","message":"Request received","method":"POST","timestamp":"2024-05-04T01:11:00.234Z","url":"/apiForLogin"}
{"level":"info","message":"POST /apiForLogin 302 28 - 16.383 ms","timestamp":"2024-05-04T01:11:00.240Z"}
{"level":"info","message":"Request received","method":"GET","timestamp":"2024-05-04T01:11:00.241Z","url":"/login"}
{"level":"info","message":"GET /login 304 - - 15.395 ms","timestamp":"2024-05-04T01:11:00.256Z"}
{"level":"info","message":"Request received","method":"POST","timestamp":"2024-05-04T01:11:00.259Z","url":"/apiForLogin"}
{"level":"info","message":"POST /apiForLogin 302 28 - 0.949 ms","timestamp":"2024-05-04T01:11:00.260Z"}
{"level":"info","message":"Request received","method":"GET","timestamp":"2024-05-04T01:11:00.261Z","url":"/login"}
{"level":"info","message":"GET /login 304 - - 3.540 ms","timestamp":"2024-05-04T01:11:00.264Z"}
{"level":"info","message":"Server is running on http://localhost:3000","timestamp":"2024-05-04T01:12:48.910Z"}
{"level":"info","message":"Request received","method":"POST","timestamp":"2024-05-04T01:12:51.156Z","url":"/apiForLogin"}
{"level":"info","message":"POST /apiForLogin 302 28 - 17.695 ms","timestamp":"2024-05-04T01:12:51.162Z"}
{"level":"info","message":"Request received","method":"GET","timestamp":"2024-05-04T01:12:51.163Z","url":"/login"}
{"level":"info","message":"GET /login 304 - - 16.901 ms","timestamp":"2024-05-04T01:12:51.180Z"}
{"level":"info","message":"Request received","method":"POST","timestamp":"2024-05-04T01:12:51.183Z","url":"/apiForLogin"}
{"level":"info","message":"POST /apiForLogin 302 28 - 0.989 ms","timestamp":"2024-05-04T01:12:51.183Z"}
{"level":"info","message":"Request received","method":"GET","timestamp":"2024-05-04T01:12:51.184Z","url":"/login"}
{"level":"info","message":"GET /login 304 - - 3.957 ms","timestamp":"2024-05-04T01:12:51.188Z"}
{"level":"info","message":"Server is running on http://localhost:3000","timestamp":"2024-05-04T01:14:45.261Z"}
{"level":"info","message":"Request received","method":"POST","timestamp":"2024-05-04T01:14:47.786Z","url":"/apiForLogin"}
{"level":"info","message":"POST /apiForLogin 302 28 - 19.210 ms","timestamp":"2024-05-04T01:14:47.792Z"}
{"level":"info","message":"Request received","method":"GET","timestamp":"2024-05-04T01:14:47.793Z","url":"/login"}
{"level":"info","message":"GET /login 304 - - 18.608 ms","timestamp":"2024-05-04T01:14:47.812Z"}
{"level":"info","message":"Request received","method":"POST","timestamp":"2024-05-04T01:14:47.814Z","url":"/apiForLogin"}
{"level":"info","message":"POST /apiForLogin 302 28 - 1.246 ms","timestamp":"2024-05-04T01:14:47.815Z"}
{"level":"info","message":"Request received","method":"GET","timestamp":"2024-05-04T01:14:47.817Z","url":"/login"}
{"level":"info","message":"GET /login 304 - - 5.856 ms","timestamp":"2024-05-04T01:14:47.822Z"}
{"level":"info","message":"Server is running on http://localhost:3000","timestamp":"2024-05-04T01:19:14.405Z"}
{"level":"info","message":"Request received","method":"POST","timestamp":"2024-05-04T01:19:17.464Z","url":"/apiForLogin"}
{"level":"info","message":"POST /apiForLogin 302 28 - 14.554 ms","timestamp":"2024-05-04T01:19:17.468Z"}
{"level":"info","message":"Request received","method":"GET","timestamp":"2024-05-04T01:19:17.470Z","url":"/login"}
{"level":"info","message":"GET /login 304 - - 20.002 ms","timestamp":"2024-05-04T01:19:17.489Z"}
{"level":"info","message":"Request received","method":"POST","timestamp":"2024-05-04T01:19:17.492Z","url":"/apiForLogin"}
{"level":"info","message":"POST /apiForLogin 302 28 - 1.065 ms","timestamp":"2024-05-04T01:19:17.493Z"}
{"level":"info","message":"Request received","method":"GET","timestamp":"2024-05-04T01:19:17.494Z","url":"/login"}
{"level":"info","message":"GET /login 304 - - 3.980 ms","timestamp":"2024-05-04T01:19:17.498Z"}
{"level":"info","message":"Request received","method":"GET","timestamp":"2024-05-04T01:19:23.378Z","url":"/login"}
{"level":"info","message":"GET /login 304 - - 6.167 ms","timestamp":"2024-05-04T01:19:23.384Z"}
{"level":"info","message":"GET /public/style/styles.css 304 - - 2.255 ms","timestamp":"2024-05-04T01:19:23.393Z"}
{"level":"info","message":"GET /public/js/login_ajax.js 304 - - 3.112 ms","timestamp":"2024-05-04T01:19:23.395Z"}
{"level":"info","message":"GET /public/Icon.png 304 - - 0.161 ms","timestamp":"2024-05-04T01:19:23.396Z"}
{"level":"info","message":"GET /public/Icon.png 304 - - 0.743 ms","timestamp":"2024-05-04T01:19:23.416Z"}
{"level":"info","message":"Request received","method":"GET","timestamp":"2024-05-04T01:19:28.853Z","url":"/"}
{"level":"info","message":"GET / 302 56 - 1.912 ms","timestamp":"2024-05-04T01:19:28.856Z"}
{"level":"info","message":"Request received","method":"GET","timestamp":"2024-05-04T01:19:28.857Z","url":"/login"}
{"level":"info","message":"GET /login 304 - - 16.745 ms","timestamp":"2024-05-04T01:19:28.874Z"}
{"level":"info","message":"GET /public/style/styles.css 304 - - 0.497 ms","timestamp":"2024-05-04T01:19:28.881Z"}
{"level":"info","message":"GET /public/Icon.png 304 - - 0.825 ms","timestamp":"2024-05-04T01:19:28.883Z"}
{"level":"info","message":"GET /public/js/login_ajax.js 304 - - 0.180 ms","timestamp":"2024-05-04T01:19:28.884Z"}
{"level":"info","message":"Request received","method":"POST","timestamp":"2024-05-04T01:19:33.035Z","url":"/apiForLogin"}
{"level":"info","message":"POST /apiForLogin 302 28 - 4.434 ms","timestamp":"2024-05-04T01:19:33.036Z"}
{"level":"info","message":"Request received","method":"GET","timestamp":"2024-05-04T01:19:33.038Z","url":"/login"}
{"level":"info","message":"GET /login 304 - - 5.929 ms","timestamp":"2024-05-04T01:19:33.046Z"}
{"level":"info","message":"Request received","method":"POST","timestamp":"2024-05-04T01:19:33.050Z","url":"/apiForLogin"}
{"level":"info","message":"POST /apiForLogin 302 28 - 1.247 ms","timestamp":"2024-05-04T01:19:33.051Z"}
{"level":"info","message":"Request received","method":"GET","timestamp":"2024-05-04T01:19:33.052Z","url":"/login"}
{"level":"info","message":"GET /login 304 - - 3.136 ms","timestamp":"2024-05-04T01:19:33.055Z"}
{"level":"info","message":"Server is running on http://localhost:3000","timestamp":"2024-05-04T01:19:50.793Z"}
{"level":"info","message":"Request received","method":"POST","timestamp":"2024-05-04T01:19:55.591Z","url":"/apiForLogin"}
{"level":"info","message":"POST /apiForLogin 302 28 - 31.683 ms","timestamp":"2024-05-04T01:19:55.595Z"}
{"level":"info","message":"Request received","method":"GET","timestamp":"2024-05-04T01:19:55.596Z","url":"/login"}
{"level":"info","message":"GET /login 304 - - 16.066 ms","timestamp":"2024-05-04T01:19:55.612Z"}
{"level":"info","message":"Request received","method":"POST","timestamp":"2024-05-04T01:19:55.614Z","url":"/apiForLogin"}
{"level":"info","message":"POST /apiForLogin 302 28 - 1.019 ms","timestamp":"2024-05-04T01:19:55.615Z"}
{"level":"info","message":"Request received","method":"GET","timestamp":"2024-05-04T01:19:55.616Z","url":"/login"}
{"level":"info","message":"GET /login 304 - - 5.126 ms","timestamp":"2024-05-04T01:19:55.621Z"}
{"level":"info","message":"Server is running on http://localhost:3000","timestamp":"2024-05-04T01:21:45.042Z"}
{"level":"info","message":"Request received","method":"POST","timestamp":"2024-05-04T01:21:46.957Z","url":"/apiForLogin"}
{"level":"info","message":"POST /apiForLogin 302 28 - 17.809 ms","timestamp":"2024-05-04T01:21:46.962Z"}
{"level":"info","message":"Request received","method":"GET","timestamp":"2024-05-04T01:21:46.964Z","url":"/login"}
{"level":"info","message":"GET /login 304 - - 19.567 ms","timestamp":"2024-05-04T01:21:46.984Z"}
{"level":"info","message":"Request received","method":"POST","timestamp":"2024-05-04T01:21:46.986Z","url":"/apiForLogin"}
{"level":"info","message":"POST /apiForLogin 302 28 - 1.185 ms","timestamp":"2024-05-04T01:21:46.987Z"}
{"level":"info","message":"Request received","method":"GET","timestamp":"2024-05-04T01:21:46.988Z","url":"/login"}
{"level":"info","message":"GET /login 304 - - 4.748 ms","timestamp":"2024-05-04T01:21:46.993Z"}
{"level":"info","message":"Server is running on http://localhost:3000","timestamp":"2024-05-04T01:22:30.040Z"}
{"level":"info","message":"Request received","method":"POST","timestamp":"2024-05-04T01:22:33.473Z","url":"/apiForLogin"}
{"level":"info","message":"POST /apiForLogin 302 28 - 18.796 ms","timestamp":"2024-05-04T01:22:33.477Z"}
{"level":"info","message":"Request received","method":"GET","timestamp":"2024-05-04T01:22:33.479Z","url":"/login"}
{"level":"info","message":"GET /login 304 - - 18.288 ms","timestamp":"2024-05-04T01:22:33.497Z"}
{"level":"info","message":"Request received","method":"POST","timestamp":"2024-05-04T01:22:33.499Z","url":"/apiForLogin"}
{"level":"info","message":"POST /apiForLogin 302 28 - 1.095 ms","timestamp":"2024-05-04T01:22:33.500Z"}
{"level":"info","message":"Request received","method":"GET","timestamp":"2024-05-04T01:22:33.501Z","url":"/login"}
{"level":"info","message":"GET /login 304 - - 6.760 ms","timestamp":"2024-05-04T01:22:33.508Z"}
{"level":"info","message":"Server is running on http://localhost:3000","timestamp":"2024-05-04T01:27:26.381Z"}
{"level":"info","message":"Request received","method":"POST","timestamp":"2024-05-04T01:27:28.211Z","url":"/apiForLogin"}
{"level":"info","message":"POST /apiForLogin 302 28 - 19.863 ms","timestamp":"2024-05-04T01:27:28.216Z"}
{"level":"info","message":"Request received","method":"GET","timestamp":"2024-05-04T01:27:28.217Z","url":"/login"}
{"level":"info","message":"GET /login 304 - - 18.892 ms","timestamp":"2024-05-04T01:27:28.236Z"}
{"level":"info","message":"Request received","method":"POST","timestamp":"2024-05-04T01:27:28.239Z","url":"/apiForLogin"}
{"level":"info","message":"POST /apiForLogin 302 28 - 0.871 ms","timestamp":"2024-05-04T01:27:28.240Z"}
{"level":"info","message":"Request received","method":"GET","timestamp":"2024-05-04T01:27:28.240Z","url":"/login"}
{"level":"info","message":"GET /login 304 - - 2.940 ms","timestamp":"2024-05-04T01:27:28.243Z"}
{"level":"info","message":"Request received","method":"GET","timestamp":"2024-05-04T01:27:31.446Z","url":"/login"}
{"level":"info","message":"GET /login 304 - - 9.245 ms","timestamp":"2024-05-04T01:27:31.454Z"}
{"level":"info","message":"GET /public/style/styles.css 304 - - 2.437 ms","timestamp":"2024-05-04T01:27:31.464Z"}
{"level":"info","message":"GET /public/Icon.png 304 - - 1.841 ms","timestamp":"2024-05-04T01:27:31.465Z"}
{"level":"info","message":"GET /public/js/login_ajax.js 200 2606 - 2.365 ms","timestamp":"2024-05-04T01:27:31.469Z"}
{"level":"info","message":"GET /public/Icon.png 304 - - 0.640 ms","timestamp":"2024-05-04T01:27:31.487Z"}
{"level":"info","message":"Request received","method":"POST","timestamp":"2024-05-04T01:27:42.865Z","url":"/apiForLogin"}
{"level":"info","message":"POST /apiForLogin 302 28 - 3.728 ms","timestamp":"2024-05-04T01:27:42.867Z"}
{"level":"info","message":"Request received","method":"GET","timestamp":"2024-05-04T01:27:42.870Z","url":"/login"}
{"level":"info","message":"GET /login 304 - - 10.352 ms","timestamp":"2024-05-04T01:27:42.881Z"}
{"level":"info","message":"GET /public/style/styles.css 304 - - 0.493 ms","timestamp":"2024-05-04T01:27:47.287Z"}
{"level":"info","message":"Request received","method":"POST","timestamp":"2024-05-04T01:27:50.791Z","url":"/apiForLogin"}
{"level":"info","message":"POST /apiForLogin 302 28 - 2.871 ms","timestamp":"2024-05-04T01:27:50.793Z"}
{"level":"info","message":"Request received","method":"GET","timestamp":"2024-05-04T01:27:50.798Z","url":"/login"}
{"level":"info","message":"GET /login 304 - - 9.239 ms","timestamp":"2024-05-04T01:27:50.805Z"}
{"level":"info","message":"Server is running on http://localhost:3000","timestamp":"2024-05-04T01:30:39.612Z"}
{"level":"info","message":"Request received","method":"POST","timestamp":"2024-05-04T01:30:45.315Z","url":"/apiForLogin"}
{"level":"info","message":"POST /apiForLogin 302 28 - 19.426 ms","timestamp":"2024-05-04T01:30:45.320Z"}
{"level":"info","message":"Request received","method":"GET","timestamp":"2024-05-04T01:30:45.323Z","url":"/login"}
{"level":"info","message":"GET /login 304 - - 18.341 ms","timestamp":"2024-05-04T01:30:45.342Z"}
{"level":"info","message":"Server is running on http://localhost:3000","timestamp":"2024-05-04T01:32:37.373Z"}
{"level":"info","message":"Request received","method":"POST","timestamp":"2024-05-04T01:32:41.763Z","url":"/apiForLogin"}
{"level":"info","message":"POST /apiForLogin 302 28 - 19.849 ms","timestamp":"2024-05-04T01:32:41.769Z"}
{"level":"info","message":"Request received","method":"GET","timestamp":"2024-05-04T01:32:41.771Z","url":"/login"}
{"level":"info","message":"GET /login 304 - - 17.428 ms","timestamp":"2024-05-04T01:32:41.788Z"}
{"level":"info","message":"Server is running on http://localhost:3000","timestamp":"2024-05-04T01:34:43.253Z"}
{"level":"info","message":"POST /apiForLogin 200 14 - 109.604 ms","timestamp":"2024-05-04T01:34:45.683Z"}
{"level":"info","message":"GET /home 404 2276 - 19.300 ms","timestamp":"2024-05-04T01:34:45.708Z"}
{"level":"info","message":"GET /public/Icon.png 304 - - 1.899 ms","timestamp":"2024-05-04T01:34:45.719Z"}
{"level":"info","message":"GET /public/style/styles.css 304 - - 0.414 ms","timestamp":"2024-05-04T01:34:45.721Z"}
{"level":"info","message":"GET /public/error-icon.png 304 - - 1.695 ms","timestamp":"2024-05-04T01:34:45.722Z"}
{"level":"info","message":"POST /apiForLogin 200 14 - 71.383 ms","timestamp":"2024-05-04T01:34:45.772Z"}
{"level":"info","message":"Server is running on http://localhost:3000","timestamp":"2024-05-04T01:36:04.540Z"}
{"level":"info","message":"GET /register 200 4787 - 25.525 ms","timestamp":"2024-05-04T01:36:12.127Z"}
{"level":"info","message":"GET /public/style/styles.css 304 - - 3.949 ms","timestamp":"2024-05-04T01:36:12.144Z"}
{"level":"info","message":"GET /public/Icon.png 304 - - 3.310 ms","timestamp":"2024-05-04T01:36:12.148Z"}
{"level":"info","message":"GET /public/js/front_end_validation.js 304 - - 0.327 ms","timestamp":"2024-05-04T01:36:12.151Z"}
{"level":"info","message":"GET / 302 56 - 3.388 ms","timestamp":"2024-05-04T01:36:15.397Z"}
{"level":"info","message":"GET /login 304 - - 9.559 ms","timestamp":"2024-05-04T01:36:15.410Z"}
{"level":"info","message":"GET /public/style/styles.css 304 - - 2.248 ms","timestamp":"2024-05-04T01:36:15.419Z"}
{"level":"info","message":"GET /public/Icon.png 304 - - 2.726 ms","timestamp":"2024-05-04T01:36:15.420Z"}
{"level":"info","message":"GET /public/js/login_ajax.js 304 - - 3.218 ms","timestamp":"2024-05-04T01:36:15.421Z"}
{"level":"info","message":"POST /apiForLogin 200 14 - 111.705 ms","timestamp":"2024-05-04T01:36:21.277Z"}
